Date/Time:       2024-05-31 11:47:22 
Command line:    C:\Python311\Scripts\briefcase create android

OS Release:      Windows 10
OS Version:      10.0.22631
Architecture:    AMD64
Platform:        Windows-10-10.0.22631-SP0

Python exe:      C:\Python311\python.exe
Python version:  3.11.0 (main, Oct 24 2022, 18:26:48) [MSC v.1933 64 bit (AMD64)]
Virtual env:     False
Conda env:       False

Briefcase:       0.3.18
Target platform: android
Target format:   gradle

Environment Variables:
	ALLUSERSPROFILE=C:\ProgramData
	APPDATA=C:\Users\31631\AppData\Roaming
	CHOCOLATEYINSTALL=C:\ProgramData\chocolatey
	CHOCOLATEYLASTPATHUPDATE=133191540975461753
	CHROME_CRASHPAD_PIPE_NAME=\\.\pipe\crashpad_6160_NCWKGENQSFYCOWWQ
	COLORTERM=truecolor
	COMMONPROGRAMFILES=C:\Program Files\Common Files
	COMMONPROGRAMFILES(X86)=C:\Program Files (x86)\Common Files
	COMMONPROGRAMW6432=C:\Program Files\Common Files
	COMPUTERNAME=HESSELS-LAPTOP-
	COMSPEC=C:\WINDOWS\system32\cmd.exe
	DRIVERDATA=C:\Windows\System32\Drivers\DriverData
	EFC_11536=1
	FPS_BROWSER_APP_PROFILE_STRING=Internet Explorer
	FPS_BROWSER_USER_PROFILE_STRING=Default
	GIT_ASKPASS=********************
	GTK_BASEPATH=C:\Program Files (x86)\GtkSharp\2.12\
	HOMEDRIVE=C:
	HOMEPATH=\Users\31631
	JAVA_HOME=C:\Program Files\Java\jdk-22
	LANG=en_US.UTF-8
	LOCALAPPDATA=C:\Users\31631\AppData\Local
	LOGONSERVER=\\HESSELS-LAPTOP-
	NUMBER_OF_PROCESSORS=8
	ONEDRIVE=C:\Users\31631\OneDrive
	ORIGINAL_XDG_CURRENT_DESKTOP=undefined
	OS=Windows_NT
	PATH=C:\Program Files\Common Files\Oracle\Java\javapath;C:\Python311\Scripts\;C:\Python311\;C:\Windows\system32;C:\Windows;C:\Windows\System32\Wbem;C:\Windows\System32\WindowsPowerShell\v1.0\;C:\Windows\System32\OpenSSH\;C:\Program Files (x86)\NVIDIA Corporation\PhysX\Common;C:\Program Files\NVIDIA Corporation\NVIDIA NvDLISR;C:\Program Files\nodejs\;C:\ProgramData\chocolatey\bin;C:\WINDOWS\system32;C:\WINDOWS;C:\WINDOWS\System32\Wbem;C:\WINDOWS\System32\WindowsPowerShell\v1.0\;C:\WINDOWS\System32\OpenSSH\;C:\Program Files\dotnet\;C:\Program Files (x86)\GtkSharp\2.12\bin;C:\Program Files (x86)\Windows Kits\10\Windows Performance Toolkit\;C:\Program Files\GitHub CLI\;C:\Program Files\Git\cmd;C:\Python311\Scripts\;C:\Users\31631\AppData\Local\Programs\Python\Python39\;C:\Users\31631\AppData\Local\Microsoft\WindowsApps;C:\Program Files\JetBrains\PyCharm Community Edition 2020.3\bin;;C:\Users\31631\AppData\Local\Programs\Microsoft VS Code\bin;C:\Users\31631\AppData\Roaming\npm;C:\Users\31631\.dotnet\tools;C:\msys64\ucrt64\bin;C:\Users\31631\AppData\Local\GitHubDesktop\bin;
	PATHEXT=.COM;.EXE;.BAT;.CMD;.VBS;.VBE;.JS;.JSE;.WSF;.WSH;.MSC;.PY;.PYW;.CPL
	PROCESSOR_ARCHITECTURE=AMD64
	PROCESSOR_IDENTIFIER=Intel64 Family 6 Model 158 Stepping 13, GenuineIntel
	PROCESSOR_LEVEL=6
	PROCESSOR_REVISION=9e0d
	PROGRAMDATA=C:\ProgramData
	PROGRAMFILES=C:\Program Files
	PROGRAMFILES(X86)=C:\Program Files (x86)
	PROGRAMW6432=C:\Program Files
	PSMODULEPATH=C:\Users\31631\OneDrive\Documents\WindowsPowerShell\Modules;C:\Program Files\WindowsPowerShell\Modules;C:\WINDOWS\system32\WindowsPowerShell\v1.0\Modules
	PUBLIC=C:\Users\Public
	PYCHARM COMMUNITY EDITION=C:\Program Files\JetBrains\PyCharm Community Edition 2020.3\bin;
	PYTHONPATH=C:\Users\31631\AppData\Local\Programs\Python\Python39
	SESSIONNAME=Console
	SYSTEMDRIVE=C:
	SYSTEMROOT=C:\WINDOWS
	TEMP=C:\Users\31631\AppData\Local\Temp
	TERM_PROGRAM=vscode
	TERM_PROGRAM_VERSION=1.89.1
	TMP=C:\Users\31631\AppData\Local\Temp
	USERDOMAIN=HESSELS-LAPTOP-
	USERDOMAIN_ROAMINGPROFILE=HESSELS-LAPTOP-
	USERNAME=31631
	USERPROFILE=C:\Users\31631
	VSCODE_GIT_ASKPASS_EXTRA_ARGS=********************
	VSCODE_GIT_ASKPASS_MAIN=********************
	VSCODE_GIT_ASKPASS_NODE=********************
	VSCODE_GIT_IPC_HANDLE=\\.\pipe\vscode-git-b069cc08ee-sock
	VSCODE_INJECTION=1
	VSCODE_NONCE=76729631-a713-4ca0-9adb-c6aaff9a0e4a
	WINDIR=C:\WINDOWS
	__PSLOCKDOWNPOLICY=0

pyproject.toml:
# This project was generated with 0.3.18 using template: https://github.com/beeware/briefcase-template@v0.3.18
[tool.briefcase]
project_name = "Lijnen"
bundle = "nl.hassle"
version = "0.0.1"
url = "https://hassle.nl/Lijnen"
license = "BSD license"
author = "Hassle"
author_email = "hessel_kruk@hotmail.com"

[tool.briefcase.app.Lijnen]
formal_name = "Hessel"
description = "Program that calculated how to distribute medication over IV lines"
long_description = """More details about the app should go here.
"""
sources = [
    "src/Lijnen",
]
test_sources = [
    "tests",
]

requires = [
]
test_requires = [
    "pytest",
]

[tool.briefcase.app.Lijnen.macOS]
universal_build = true
requires = [
    "toga-cocoa~=0.4.0",
    "std-nslog~=1.0.0",
]

[tool.briefcase.app.Lijnen.linux]
requires = [
    "toga-gtk~=0.4.0",
]

[tool.briefcase.app.Lijnen.linux.system.debian]
system_requires = [
    # Needed to compile pycairo wheel
    "libcairo2-dev",
    # Needed to compile PyGObject wheel
    "libgirepository1.0-dev",
]

system_runtime_requires = [
    # Needed to provide GTK and its GI bindings
    "gir1.2-gtk-3.0",
    "libgirepository-1.0-1",
    # Dependencies that GTK looks for at runtime
    "libcanberra-gtk3-module",
    # Needed to provide WebKit2 at runtime
    # Note: Debian 11 and Ubuntu 20.04 require gir1.2-webkit2-4.0 instead
    # "gir1.2-webkit2-4.1",
]

[tool.briefcase.app.Lijnen.linux.system.rhel]
system_requires = [
    # Needed to compile pycairo wheel
    "cairo-gobject-devel",
    # Needed to compile PyGObject wheel
    "gobject-introspection-devel",
]

system_runtime_requires = [
    # Needed to support Python bindings to GTK
    "gobject-introspection",
    # Needed to provide GTK
    "gtk3",
    # Dependencies that GTK looks for at runtime
    "libcanberra-gtk3",
    # Needed to provide WebKit2 at runtime
    # "webkit2gtk3",
]

[tool.briefcase.app.Lijnen.linux.system.suse]
system_requires = [
    # Needed to compile pycairo wheel
    "cairo-devel",
    # Needed to compile PyGObject wheel
    "gobject-introspection-devel",
]

system_runtime_requires = [
    # Needed to provide GTK
    "gtk3",
    # Needed to support Python bindings to GTK
    "gobject-introspection", "typelib(Gtk) = 3.0",
    # Dependencies that GTK looks for at runtime
    "libcanberra-gtk3-module",
    # Needed to provide WebKit2 at runtime
    # "libwebkit2gtk3", "typelib(WebKit2)",
]

[tool.briefcase.app.Lijnen.linux.system.arch]
system_requires = [
    # Needed to compile pycairo wheel
    "cairo",
    # Needed to compile PyGObject wheel
    "gobject-introspection",
    # Runtime dependencies that need to exist so that the
    # Arch package passes final validation.
    # Needed to provide GTK
    "gtk3",
    # Dependencies that GTK looks for at runtime
    "libcanberra",
    # Needed to provide WebKit2
    # "webkit2gtk",
]

system_runtime_requires = [
    # Needed to provide GTK
    "gtk3",
    # Needed to provide PyGObject bindings
    "gobject-introspection-runtime",
    # Dependencies that GTK looks for at runtime
    "libcanberra",
    # Needed to provide WebKit2 at runtime
    # "webkit2gtk",
]

[tool.briefcase.app.Lijnen.linux.appimage]
manylinux = "manylinux_2_28"

system_requires = [
    # Needed to compile pycairo wheel
    "cairo-gobject-devel",
    # Needed to compile PyGObject wheel
    "gobject-introspection-devel",
    # Needed to provide GTK
    "gtk3-devel",
    # Dependencies that GTK looks for at runtime, that need to be
    # in the build environment to be picked up by linuxdeploy
    "libcanberra-gtk3",
    "PackageKit-gtk3-module",
    "gvfs-client",
]

linuxdeploy_plugins = [
    "DEPLOY_GTK_VERSION=3 gtk",
]

[tool.briefcase.app.Lijnen.linux.flatpak]
flatpak_runtime = "org.gnome.Platform"
flatpak_runtime_version = "45"
flatpak_sdk = "org.gnome.Sdk"

[tool.briefcase.app.Lijnen.windows]
requires = [
    "toga-winforms~=0.4.0",
]

# Mobile deployments
[tool.briefcase.app.Lijnen.iOS]
requires = [
    "toga-iOS~=0.4.0",
    "std-nslog~=1.0.0",
]

[tool.briefcase.app.Lijnen.android]
requires = [
    "toga-android~=0.4.0",
]

base_theme = "Theme.MaterialComponents.Light.DarkActionBar"

build_gradle_dependencies = [
    "androidx.appcompat:appcompat:1.6.1",
    "com.google.android.material:material:1.11.0",
    # Needed for DetailedList
    "androidx.swiperefreshlayout:swiperefreshlayout:1.1.0",
]

# Web deployments
[tool.briefcase.app.Lijnen.web]
requires = [
    "toga-web~=0.4.0",
]
style_framework = "Shoelace v2.3"

Briefcase Log:
[11:46:29]                                                                                                                                                               java.py:111
           [Java JDK] Evaluating JAVA_HOME...                                                                                                                            java.py:111
           JAVA_HOME=C:\Program Files\Java\jdk-22                                                                                                                        java.py:112
                                                                                                                                                                   subprocess.py:823
           >>> Running Command:                                                                                                                                    subprocess.py:823
           >>>     'C:\Program Files\Java\jdk-22\bin\javac' -version                                                                                               subprocess.py:823
           >>> Working Directory:                                                                                                                                  subprocess.py:823
           >>>     C:\Users\31631\Documents\VScode\Lijnen\BeeWare\Lijnen                                                                                           subprocess.py:823
           >>> Command Output:                                                                                                                                     subprocess.py:823
           >>>     javac 22.0.1                                                                                                                                    subprocess.py:823
           >>> Return code: 0                                                                                                                                      subprocess.py:823
                                                                                                                                                                         java.py:231
           *************************************************************************                                                                                     java.py:231
           ** WARNING: JAVA_HOME does not point to a Java 17 JDK                  **                                                                                     java.py:231
           *************************************************************************                                                                                     java.py:231
                                                                                                                                                                         java.py:231
               Android requires a Java 17 JDK, but the location pointed to by the                                                                                        java.py:231
               JAVA_HOME environment variable:                                                                                                                           java.py:231
                                                                                                                                                                         java.py:231
               C:\Program Files\Java\jdk-22                                                                                                                              java.py:231
                                                                                                                                                                         java.py:231
               isn't a Java 17 JDK (it appears to be Java 22.0.1).                                                                                                       java.py:231
                                                                                                                                                                         java.py:231
               Briefcase will proceed using its own JDK instance.                                                                                                        java.py:231
                                                                                                                                                                         java.py:231
           *************************************************************************                                                                                     java.py:231
                                                                                                                                                                         java.py:245
           [java] A Java 17 JDK was not found; downloading and installing...                                                                                             java.py:245
           To use an existing JDK 17 instance, specify its root directory path in the JAVA_HOME environment variable.                                                    java.py:249
                                                                                                                                                                         java.py:253
[11:46:30] Downloading OpenJDK17U-jdk_x64_windows_hotspot_17.0.11_9.zip...                                                                                            download.py:85
[11:46:39] Installing OpenJDK... started                                                                                                                                 java.py:284
[11:46:42] Installing OpenJDK... done                                                                                                                                    java.py:284
           Using JDK at C:\Users\31631\AppData\Local\BeeWare\briefcase\Cache\tools\java17                                                                                java.py:258
                                                                                                                                                                  android_sdk.py:349
           [android_sdk] The Android SDK was not found; downloading and installing...                                                                             android_sdk.py:349
           To use an existing Android SDK instance, specify its root directory path in the ANDROID_HOME environment variable.                                     android_sdk.py:353
                                                                                                                                                                  android_sdk.py:357
[11:47:03] Downloading commandlinetools-win-9477386_latest.zip...                                                                                                     download.py:85
[11:47:09] Installing Android SDK Command-Line Tools 9.0... started                                                                                               android_sdk.py:406
[11:47:10] Installing Android SDK Command-Line Tools 9.0... done                                                                                                  android_sdk.py:406
           Removing older Android SDK packages... started                                                                                                         android_sdk.py:445
           Removing older Android SDK packages... done                                                                                                            android_sdk.py:445
                                                                                                                                                                  android_sdk.py:586
           The Android tools provided by Google have license terms that you must accept                                                                           android_sdk.py:586
           before you may use those tools.                                                                                                                        android_sdk.py:586
                                                                                                                                                                   subprocess.py:823
           >>> Running Command:                                                                                                                                    subprocess.py:823
           >>>     'C:\Users\31631\AppData\Local\BeeWare\briefcase\Cache\tools\android_sdk\cmdline-tools\9.0\bin\sdkmanager.bat' --licenses                        subprocess.py:823
           >>> Working Directory:                                                                                                                                  subprocess.py:823
           >>>     C:\Users\31631\Documents\VScode\Lijnen\BeeWare\Lijnen                                                                                           subprocess.py:823
           >>> Environment Overrides:                                                                                                                              subprocess.py:823
           >>>     ANDROID_HOME=C:\Users\31631\AppData\Local\BeeWare\briefcase\Cache\tools\android_sdk                                                             subprocess.py:823
           >>>     ANDROID_SDK_ROOT=C:\Users\31631\AppData\Local\BeeWare\briefcase\Cache\tools\android_sdk                                                         subprocess.py:823
           >>>     JAVA_HOME=C:\Users\31631\AppData\Local\BeeWare\briefcase\Cache\tools\java17                                                                     subprocess.py:823
[11:47:22] >>> Return code: 0                                                                                                                                      subprocess.py:823
                                                                                                                                                                      __main__.py:44
           You did not accept the Android SDK licenses. Please re-run the briefcase command                                                                           __main__.py:45
           and accept the Android SDK license when prompted. You may need an Internet                                                                                 __main__.py:45
           connection.                                                                                                                                                __main__.py:45
           Saving log... started                                                                                                                                      console.py:390

Main thread traceback:
╭─────────────────────────────────────────────────────────────────────── Traceback (most recent call last) ────────────────────────────────────────────────────────────────────────╮
│ C:\Python311\Lib\site-packages\briefcase\__main__.py:29 in main                                                                                                                  │
│                                                                                                                                                                                  │
│   26 │   │   │   Path.cwd() / "pyproject.toml",                                                                                                                                  │
│   27 │   │   │   overrides=overrides,                                                                                                                                            │
│   28 │   │   )                                                                                                                                                                   │
│ ❱ 29 │   │   command(**options)                                                                                                                                                  │
│   30 │   except HelpText as e:                                                                                                                                                   │
│   31 │   │   logger.info()                                                                                                                                                       │
│   32 │   │   logger.info(str(e))                                                                                                                                                 │
│                                                                                                                                                                                  │
│ ╭─────────────────────────────────────────────────────────────────────────────────── locals ───────────────────────────────────────────────────────────────────────────────────╮ │
│ │       command = <briefcase.platforms.android.gradle.GradleCreateCommand object at 0x000002588FFC67D0>                                                                        │ │
│ │       Command = <class 'briefcase.platforms.android.gradle.GradleCreateCommand'>                                                                                             │ │
│ │       console = <briefcase.console.Console object at 0x000002588FFA96D0>                                                                                                     │ │
│ │             e = BriefcaseCommandError('You did not accept the Android SDK licenses. Please re-run the briefcase command\nand accept the Android SDK license when prompted.   │ │
│ │                 You may need an Internet\nconnection.\n')                                                                                                                    │ │
│ │ extra_cmdline = []                                                                                                                                                           │ │
│ │        logger = <briefcase.console.Log object at 0x000002588FFA9750>                                                                                                         │ │
│ │       options = {}                                                                                                                                                           │ │
│ │     overrides = {}                                                                                                                                                           │ │
│ │       printer = <briefcase.console.Printer object at 0x000002588CEC8950>                                                                                                     │ │
│ │        result = 200                                                                                                                                                          │ │
│ ╰──────────────────────────────────────────────────────────────────────────────────────────────────────────────────────────────────────────────────────────────────────────────╯ │
│                                                                                                                                                                                  │
│ C:\Python311\Lib\site-packages\briefcase\commands\create.py:814 in __call__                                                                                                      │
│                                                                                                                                                                                  │
│   811 │   ) -> dict | None:                                                                                                                                                      │
│   812 │   │   # Confirm host compatibility, that all required tools are available,                                                                                               │
│   813 │   │   # and that the app configuration is finalized.                                                                                                                     │
│ ❱ 814 │   │   self.finalize(app)                                                                                                                                                 │
│   815 │   │                                                                                                                                                                      │
│   816 │   │   if app:                                                                                                                                                            │
│   817 │   │   │   state = self.create_app(app, **options)                                                                                                                        │
│                                                                                                                                                                                  │
│ ╭──────────────────────────────────────────── locals ─────────────────────────────────────────────╮                                                                              │
│ │     app = None                                                                                  │                                                                              │
│ │ options = {}                                                                                    │                                                                              │
│ │    self = <briefcase.platforms.android.gradle.GradleCreateCommand object at 0x000002588FFC67D0> │                                                                              │
│ ╰─────────────────────────────────────────────────────────────────────────────────────────────────╯                                                                              │
│                                                                                                                                                                                  │
│ C:\Python311\Lib\site-packages\briefcase\commands\base.py:578 in finalize                                                                                                        │
│                                                                                                                                                                                  │
│    575 │   │   │   to finalize. By default, all apps will be finalized.                                                                                                          │
│    576 │   │   """                                                                                                                                                               │
│    577 │   │   self.verify_host()                                                                                                                                                │
│ ❱  578 │   │   self.verify_tools()                                                                                                                                               │
│    579 │   │                                                                                                                                                                     │
│    580 │   │   if app is None:                                                                                                                                                   │
│    581 │   │   │   for app in self.apps.values():                                                                                                                                │
│                                                                                                                                                                                  │
│ ╭─────────────────────────────────────────── locals ───────────────────────────────────────────╮                                                                                 │
│ │  app = None                                                                                  │                                                                                 │
│ │ self = <briefcase.platforms.android.gradle.GradleCreateCommand object at 0x000002588FFC67D0> │                                                                                 │
│ ╰──────────────────────────────────────────────────────────────────────────────────────────────╯                                                                                 │
│                                                                                                                                                                                  │
│ C:\Python311\Lib\site-packages\briefcase\platforms\android\gradle.py:146 in verify_tools                                                                                         │
│                                                                                                                                                                                  │
│   143 │   │   """Verify that the Android APK tools in `briefcase` will operate on this system,                                                                                   │
│   144 │   │   downloading tools as needed."""                                                                                                                                    │
│   145 │   │   super().verify_tools()                                                                                                                                             │
│ ❱ 146 │   │   AndroidSDK.verify(tools=self.tools)                                                                                                                                │
│   147 │   │   if not self.is_clone:                                                                                                                                              │
│   148 │   │   │   self.logger.add_log_file_extra(self.tools.android_sdk.list_packages)                                                                                           │
│   149                                                                                                                                                                            │
│                                                                                                                                                                                  │
│ ╭─────────────────────────────────────────── locals ───────────────────────────────────────────╮                                                                                 │
│ │ self = <briefcase.platforms.android.gradle.GradleCreateCommand object at 0x000002588FFC67D0> │                                                                                 │
│ ╰──────────────────────────────────────────────────────────────────────────────────────────────╯                                                                                 │
│                                                                                                                                                                                  │
│ C:\Python311\Lib\site-packages\briefcase\integrations\base.py:113 in verify                                                                                                      │
│                                                                                                                                                                                  │
│   110 │   │   **kwargs,                                                                                                                                                          │
│   111 │   ) -> ManagedToolT:                                                                                                                                                     │
│   112 │   │   """Confirm the managed tool is installed and available."""                                                                                                         │
│ ❱ 113 │   │   return super().verify(tools=tools, app=app, install=install, **kwargs)                                                                                             │
│   114 │                                                                                                                                                                          │
│   115 │   @abstractmethod                                                                                                                                                        │
│   116 │   def exists(self) -> bool:                                                                                                                                              │
│                                                                                                                                                                                  │
│ ╭──────────────────────────────────── locals ────────────────────────────────────╮                                                                                               │
│ │     app = None                                                                 │                                                                                               │
│ │     cls = <class 'briefcase.integrations.android_sdk.AndroidSDK'>              │                                                                                               │
│ │ install = True                                                                 │                                                                                               │
│ │  kwargs = {}                                                                   │                                                                                               │
│ │   tools = <briefcase.integrations.base.ToolCache object at 0x000002588FFAB650> │                                                                                               │
│ ╰────────────────────────────────────────────────────────────────────────────────╯                                                                                               │
│                                                                                                                                                                                  │
│ C:\Python311\Lib\site-packages\briefcase\integrations\base.py:77 in verify                                                                                                       │
│                                                                                                                                                                                  │
│    74 │   ) -> ToolT:                                                                          ╭─────────────────────────────────── locals ────────────────────────────────────╮ │
│    75 │   │   """Confirm the tool is available and usable on the host platform."""             │    app = None                                                                 │ │
│    76 │   │   cls.verify_host(tools=tools)                                                     │    cls = <class 'briefcase.integrations.android_sdk.AndroidSDK'>              │ │
│ ❱  77 │   │   tool = cls.verify_install(tools=tools, app=app, **kwargs)                        │ kwargs = {'install': True}                                                    │ │
│    78 │   │   return tool                                                                      │  tools = <briefcase.integrations.base.ToolCache object at 0x000002588FFAB650> │ │
│    79 │                                                                                        ╰───────────────────────────────────────────────────────────────────────────────╯ │
│    80 │   @classmethod                                                                                                                                                           │
│                                                                                                                                                                                  │
│ C:\Python311\Lib\site-packages\briefcase\integrations\android_sdk.py:361 in verify_install                                                                                       │
│                                                                                                                                                                                  │
│    358 │   │   │   │   sdk.install()                                                                                                                                             │
│    359 │   │                                                                                                                                                                     │
│    360 │   │   # Licences must be accepted to use the SDK                                                                                                                        │
│ ❱  361 │   │   sdk.verify_license()                                                                                                                                              │
│    362 │   │                                                                                                                                                                     │
│    363 │   │   tools.logger.debug(f"Using Android SDK at {sdk.root_path}")                                                                                                       │
│    364 │   │   tools.android_sdk = sdk                                                                                                                                           │
│                                                                                                                                                                                  │
│ ╭──────────────────────────────────────────────── locals ────────────────────────────────────────────────╮                                                                       │
│ │            cls = <class 'briefcase.integrations.android_sdk.AndroidSDK'>                               │                                                                       │
│ │        install = True                                                                                  │                                                                       │
│ │         kwargs = {'app': None}                                                                         │                                                                       │
│ │            sdk = <briefcase.integrations.android_sdk.AndroidSDK object at 0x00000258904C73D0>          │                                                                       │
│ │   sdk_root_env = None                                                                                  │                                                                       │
│ │  sdk_root_path = WindowsPath('C:/Users/31631/AppData/Local/BeeWare/briefcase/Cache/tools/android_sdk') │                                                                       │
│ │ sdk_source_env = None                                                                                  │                                                                       │
│ │          tools = <briefcase.integrations.base.ToolCache object at 0x000002588FFAB650>                  │                                                                       │
│ ╰────────────────────────────────────────────────────────────────────────────────────────────────────────╯                                                                       │
│                                                                                                                                                                                  │
│ C:\Python311\Lib\site-packages\briefcase\integrations\android_sdk.py:612 in verify_license                                                                                       │
│                                                                                                                                                                                  │
│    609 │   │   │   ) from e                                                                                                                                                      │
│    610 │   │                                                                                                                                                                     │
│    611 │   │   if not license_path.exists():                                                                                                                                     │
│ ❱  612 │   │   │   raise BriefcaseCommandError(                                                                                                                                  │
│    613 │   │   │   │   """\                                                                                                                                                      │
│    614 You did not accept the Android SDK licenses. Please re-run the briefcase command                                                                                          │
│    615 and accept the Android SDK license when prompted. You may need an Internet                                                                                                │
│                                                                                                                                                                                  │
│ ╭───────────────────────────────────────────────────────────── locals ──────────────────────────────────────────────────────────────╮                                            │
│ │ license_path = WindowsPath('C:/Users/31631/AppData/Local/BeeWare/briefcase/Cache/tools/android_sdk/licenses/android-sdk-license') │                                            │
│ │         self = <briefcase.integrations.android_sdk.AndroidSDK object at 0x00000258904C73D0>                                       │                                            │
│ ╰───────────────────────────────────────────────────────────────────────────────────────────────────────────────────────────────────╯                                            │
╰──────────────────────────────────────────────────────────────────────────────────────────────────────────────────────────────────────────────────────────────────────────────────╯
BriefcaseCommandError: You did not accept the Android SDK licenses. Please re-run the briefcase command
and accept the Android SDK license when prompted. You may need an Internet
connection.

